<!DOCTYPE html PUBLIC "-//W3C//DTD XHTML 1.1//EN" "http://www.w3.org/TR/xhtml11/DTD/xhtml11.dtd">
<html xmlns="http://www.w3.org/1999/xhtml">
<head>
<meta http-equiv="content-type" content="text/html; charset=UTF-8"/>
<title>TestNG Report</title>
<style type="text/css">table {margin-bottom:10px;border-collapse:collapse;empty-cells:show}th,td {border:1px solid #009;padding:.25em .5em}th {vertical-align:bottom}td {vertical-align:top}table a {font-weight:bold}.stripe td {background-color: #E6EBF9}.num {text-align:right}.passedodd td {background-color: #3F3}.passedeven td {background-color: #0A0}.skippedodd td {background-color: #DDD}.skippedeven td {background-color: #CCC}.failedodd td,.attn {background-color: #F33}.failedeven td,.stripe .attn {background-color: #D00}.stacktrace {white-space:pre;font-family:monospace}.totop {font-size:85%;text-align:center;border-bottom:2px solid #000}.invisible {display:none}</style>
</head>
<body>
<table>
<tr><th>Test</th><th># Passed</th><th># Skipped</th><th># Failed</th><th>Time (ms)</th><th>Included Groups</th><th>Excluded Groups</th></tr>
<tr><th colspan="7">Suite</th></tr>
<tr><td><a href="#t0">Test</a></td><td class="num">0</td><td class="num attn">3</td><td class="num">0</td><td class="num">10,363</td><td></td><td></td></tr>
</table>
<table id='summary'><thead><tr><th>Class</th><th>Method</th><th>Start</th><th>Time (ms)</th></tr></thead><tbody><tr><th colspan="4">Suite</th></tr></tbody><tbody id="t0"><tr><th colspan="4">Test &#8212; failed (configuration methods)</th></tr><tr class="failedeven"><td rowspan="1">NewPackage.NewTest</td><td><a href="#m0">beforeMethod1</a></td><td rowspan="1">1623935581890</td><td rowspan="1">5626</td></tr><tr class="failedodd"><td rowspan="1">NewPackage.NewTest_1</td><td><a href="#m1">beforeMethoddemo</a></td><td rowspan="1">1623935587538</td><td rowspan="1">4661</td></tr><tr><th colspan="4">Test &#8212; skipped (configuration methods)</th></tr><tr class="skippedeven"><td rowspan="1">NewPackage.NewTest</td><td><a href="#m2">afterMethod1</a></td><td rowspan="1">1623935587534</td><td rowspan="1">0</td></tr><tr class="skippedodd"><td rowspan="3">NewPackage.NewTest_1</td><td><a href="#m3">afterMethoddemo</a></td><td rowspan="2">1623935592218</td><td rowspan="2">0</td></tr><tr class="skippedodd"><td><a href="#m4">afterMethoddemo</a></td></tr><tr class="skippedodd"><td><a href="#m5">beforeMethoddemo</a></td><td rowspan="1">1623935592214</td><td rowspan="1">0</td></tr><tr><th colspan="4">Test &#8212; skipped</th></tr><tr class="skippedeven"><td rowspan="1">NewPackage.NewTest</td><td><a href="#m6">f</a></td><td rowspan="1">1623935587530</td><td rowspan="1">0</td></tr><tr class="skippedodd"><td rowspan="2">NewPackage.NewTest_1</td><td><a href="#m7">Login</a></td><td rowspan="1">1623935592206</td><td rowspan="1">0</td></tr><tr class="skippedodd"><td><a href="#m8">titleTest</a></td><td rowspan="1">1623935592216</td><td rowspan="1">0</td></tr></tbody>
</table>
<h2>Test</h2><h3 id="m0">NewPackage.NewTest#beforeMethod1</h3><table class="result"><tr><th>Exception</th></tr><tr><td><div class="stacktrace">org.openqa.selenium.SessionNotCreatedException: session not created: This version of ChromeDriver only supports Chrome version 86
Current browser version is 89.0.4389.90 with binary path C:\Program Files\Google\Chrome\Application\chrome.exe
Build info: version: &apos;3.141.59&apos;, revision: &apos;e82be7d358&apos;, time: &apos;2018-11-14T08:25:48&apos;
System info: host: &apos;LTSA000400&apos;, ip: &apos;10.174.111.156&apos;, os.name: &apos;Windows 10&apos;, os.arch: &apos;amd64&apos;, os.version: &apos;10.0&apos;, java.version: &apos;1.8.0_271&apos;
Driver info: driver.version: ChromeDriver
remote stacktrace: Backtrace:
	Ordinal0 [0x012AC013+3194899]
	Ordinal0 [0x01196021+2056225]
	Ordinal0 [0x0102F608+587272]
	Ordinal0 [0x00FB1BF3+72691]
	Ordinal0 [0x00FAE229+57897]
	Ordinal0 [0x00FAC64A+50762]
	Ordinal0 [0x00FD1EE9+204521]
	Ordinal0 [0x00FD1D0D+204045]
	Ordinal0 [0x00FCFC1B+195611]
	Ordinal0 [0x00FB3B7F+80767]
	Ordinal0 [0x00FB4B4E+84814]
	Ordinal0 [0x00FB4AD9+84697]
	Ordinal0 [0x011ACE64+2149988]
	GetHandleVerifier [0x0141BE95+1400773]
	GetHandleVerifier [0x0141BB61+1399953]
	GetHandleVerifier [0x014231FA+1430314]
	GetHandleVerifier [0x0141C69F+1402831]
	Ordinal0 [0x011A3D61+2112865]
	Ordinal0 [0x011AE5CB+2155979]
	Ordinal0 [0x011AE6F5+2156277]
	Ordinal0 [0x011BF26E+2224750]
	BaseThreadInitThunk [0x75C30419+25]
	RtlGetAppContainerNamedObjectPath [0x771672ED+237]
	RtlGetAppContainerNamedObjectPath [0x771672BD+189]

	at org.openqa.selenium.remote.W3CHandshakeResponse.lambda$errorHandler$0(W3CHandshakeResponse.java:62)
	at org.openqa.selenium.remote.HandshakeResponse.lambda$getResponseFunction$0(HandshakeResponse.java:30)
	at org.openqa.selenium.remote.ProtocolHandshake.lambda$createSession$0(ProtocolHandshake.java:126)
	at java.util.stream.ReferencePipeline$3$1.accept(Unknown Source)
	at java.util.Spliterators$ArraySpliterator.tryAdvance(Unknown Source)
	at java.util.stream.ReferencePipeline.forEachWithCancel(Unknown Source)
	at java.util.stream.AbstractPipeline.copyIntoWithCancel(Unknown Source)
	at java.util.stream.AbstractPipeline.copyInto(Unknown Source)
	at java.util.stream.AbstractPipeline.wrapAndCopyInto(Unknown Source)
	at java.util.stream.FindOps$FindOp.evaluateSequential(Unknown Source)
	at java.util.stream.AbstractPipeline.evaluate(Unknown Source)
	at java.util.stream.ReferencePipeline.findFirst(Unknown Source)
	at org.openqa.selenium.remote.ProtocolHandshake.createSession(ProtocolHandshake.java:128)
	at org.openqa.selenium.remote.ProtocolHandshake.createSession(ProtocolHandshake.java:74)
	at org.openqa.selenium.remote.HttpCommandExecutor.execute(HttpCommandExecutor.java:136)
	at org.openqa.selenium.remote.service.DriverCommandExecutor.execute(DriverCommandExecutor.java:83)
	at org.openqa.selenium.remote.RemoteWebDriver.execute(RemoteWebDriver.java:552)
	at org.openqa.selenium.remote.RemoteWebDriver.startSession(RemoteWebDriver.java:213)
	at org.openqa.selenium.remote.RemoteWebDriver.&lt;init&gt;(RemoteWebDriver.java:131)
	at org.openqa.selenium.chrome.ChromeDriver.&lt;init&gt;(ChromeDriver.java:181)
	at org.openqa.selenium.chrome.ChromeDriver.&lt;init&gt;(ChromeDriver.java:168)
	at org.openqa.selenium.chrome.ChromeDriver.&lt;init&gt;(ChromeDriver.java:123)
	at NewPackage.NewTest.beforeMethod1(NewTest.java:18)
... Removed 32 stack frames</div></td></tr></table><p class="totop"><a href="#summary">back to summary</a></p>
<h3 id="m1">NewPackage.NewTest_1#beforeMethoddemo</h3><table class="result"><tr><th>Exception</th></tr><tr><td><div class="stacktrace">org.openqa.selenium.SessionNotCreatedException: session not created: This version of ChromeDriver only supports Chrome version 86
Current browser version is 89.0.4389.90 with binary path C:\Program Files\Google\Chrome\Application\chrome.exe
Build info: version: &apos;3.141.59&apos;, revision: &apos;e82be7d358&apos;, time: &apos;2018-11-14T08:25:48&apos;
System info: host: &apos;LTSA000400&apos;, ip: &apos;10.174.111.156&apos;, os.name: &apos;Windows 10&apos;, os.arch: &apos;amd64&apos;, os.version: &apos;10.0&apos;, java.version: &apos;1.8.0_271&apos;
Driver info: driver.version: ChromeDriver
remote stacktrace: Backtrace:
	Ordinal0 [0x012AC013+3194899]
	Ordinal0 [0x01196021+2056225]
	Ordinal0 [0x0102F608+587272]
	Ordinal0 [0x00FB1BF3+72691]
	Ordinal0 [0x00FAE229+57897]
	Ordinal0 [0x00FAC64A+50762]
	Ordinal0 [0x00FD1EE9+204521]
	Ordinal0 [0x00FD1D0D+204045]
	Ordinal0 [0x00FCFC1B+195611]
	Ordinal0 [0x00FB3B7F+80767]
	Ordinal0 [0x00FB4B4E+84814]
	Ordinal0 [0x00FB4AD9+84697]
	Ordinal0 [0x011ACE64+2149988]
	GetHandleVerifier [0x0141BE95+1400773]
	GetHandleVerifier [0x0141BB61+1399953]
	GetHandleVerifier [0x014231FA+1430314]
	GetHandleVerifier [0x0141C69F+1402831]
	Ordinal0 [0x011A3D61+2112865]
	Ordinal0 [0x011AE5CB+2155979]
	Ordinal0 [0x011AE6F5+2156277]
	Ordinal0 [0x011BF26E+2224750]
	BaseThreadInitThunk [0x75C30419+25]
	RtlGetAppContainerNamedObjectPath [0x771672ED+237]
	RtlGetAppContainerNamedObjectPath [0x771672BD+189]

	at org.openqa.selenium.remote.W3CHandshakeResponse.lambda$errorHandler$0(W3CHandshakeResponse.java:62)
	at org.openqa.selenium.remote.HandshakeResponse.lambda$getResponseFunction$0(HandshakeResponse.java:30)
	at org.openqa.selenium.remote.ProtocolHandshake.lambda$createSession$0(ProtocolHandshake.java:126)
	at java.util.stream.ReferencePipeline$3$1.accept(Unknown Source)
	at java.util.Spliterators$ArraySpliterator.tryAdvance(Unknown Source)
	at java.util.stream.ReferencePipeline.forEachWithCancel(Unknown Source)
	at java.util.stream.AbstractPipeline.copyIntoWithCancel(Unknown Source)
	at java.util.stream.AbstractPipeline.copyInto(Unknown Source)
	at java.util.stream.AbstractPipeline.wrapAndCopyInto(Unknown Source)
	at java.util.stream.FindOps$FindOp.evaluateSequential(Unknown Source)
	at java.util.stream.AbstractPipeline.evaluate(Unknown Source)
	at java.util.stream.ReferencePipeline.findFirst(Unknown Source)
	at org.openqa.selenium.remote.ProtocolHandshake.createSession(ProtocolHandshake.java:128)
	at org.openqa.selenium.remote.ProtocolHandshake.createSession(ProtocolHandshake.java:74)
	at org.openqa.selenium.remote.HttpCommandExecutor.execute(HttpCommandExecutor.java:136)
	at org.openqa.selenium.remote.service.DriverCommandExecutor.execute(DriverCommandExecutor.java:83)
	at org.openqa.selenium.remote.RemoteWebDriver.execute(RemoteWebDriver.java:552)
	at org.openqa.selenium.remote.RemoteWebDriver.startSession(RemoteWebDriver.java:213)
	at org.openqa.selenium.remote.RemoteWebDriver.&lt;init&gt;(RemoteWebDriver.java:131)
	at org.openqa.selenium.chrome.ChromeDriver.&lt;init&gt;(ChromeDriver.java:181)
	at org.openqa.selenium.chrome.ChromeDriver.&lt;init&gt;(ChromeDriver.java:168)
	at org.openqa.selenium.chrome.ChromeDriver.&lt;init&gt;(ChromeDriver.java:123)
	at NewPackage.NewTest_1.beforeMethoddemo(NewTest_1.java:21)
... Removed 32 stack frames</div></td></tr></table><p class="totop"><a href="#summary">back to summary</a></p>
<h3 id="m2">NewPackage.NewTest#afterMethod1</h3><table class="result"><tr><th class="invisible"/></tr></table><p class="totop"><a href="#summary">back to summary</a></p>
<h3 id="m3">NewPackage.NewTest_1#afterMethoddemo</h3><table class="result"><tr><th class="invisible"/></tr></table><p class="totop"><a href="#summary">back to summary</a></p>
<h3 id="m4">NewPackage.NewTest_1#afterMethoddemo</h3><table class="result"><tr><th class="invisible"/></tr></table><p class="totop"><a href="#summary">back to summary</a></p>
<h3 id="m5">NewPackage.NewTest_1#beforeMethoddemo</h3><table class="result"><tr><th class="invisible"/></tr></table><p class="totop"><a href="#summary">back to summary</a></p>
<h3 id="m6">NewPackage.NewTest#f</h3><table class="result"><tr><th>Exception</th></tr><tr><td><div class="stacktrace">org.openqa.selenium.SessionNotCreatedException: session not created: This version of ChromeDriver only supports Chrome version 86
Current browser version is 89.0.4389.90 with binary path C:\Program Files\Google\Chrome\Application\chrome.exe
Build info: version: &apos;3.141.59&apos;, revision: &apos;e82be7d358&apos;, time: &apos;2018-11-14T08:25:48&apos;
System info: host: &apos;LTSA000400&apos;, ip: &apos;10.174.111.156&apos;, os.name: &apos;Windows 10&apos;, os.arch: &apos;amd64&apos;, os.version: &apos;10.0&apos;, java.version: &apos;1.8.0_271&apos;
Driver info: driver.version: ChromeDriver
remote stacktrace: Backtrace:
	Ordinal0 [0x012AC013+3194899]
	Ordinal0 [0x01196021+2056225]
	Ordinal0 [0x0102F608+587272]
	Ordinal0 [0x00FB1BF3+72691]
	Ordinal0 [0x00FAE229+57897]
	Ordinal0 [0x00FAC64A+50762]
	Ordinal0 [0x00FD1EE9+204521]
	Ordinal0 [0x00FD1D0D+204045]
	Ordinal0 [0x00FCFC1B+195611]
	Ordinal0 [0x00FB3B7F+80767]
	Ordinal0 [0x00FB4B4E+84814]
	Ordinal0 [0x00FB4AD9+84697]
	Ordinal0 [0x011ACE64+2149988]
	GetHandleVerifier [0x0141BE95+1400773]
	GetHandleVerifier [0x0141BB61+1399953]
	GetHandleVerifier [0x014231FA+1430314]
	GetHandleVerifier [0x0141C69F+1402831]
	Ordinal0 [0x011A3D61+2112865]
	Ordinal0 [0x011AE5CB+2155979]
	Ordinal0 [0x011AE6F5+2156277]
	Ordinal0 [0x011BF26E+2224750]
	BaseThreadInitThunk [0x75C30419+25]
	RtlGetAppContainerNamedObjectPath [0x771672ED+237]
	RtlGetAppContainerNamedObjectPath [0x771672BD+189]

	at org.openqa.selenium.remote.W3CHandshakeResponse.lambda$errorHandler$0(W3CHandshakeResponse.java:62)
	at org.openqa.selenium.remote.HandshakeResponse.lambda$getResponseFunction$0(HandshakeResponse.java:30)
	at org.openqa.selenium.remote.ProtocolHandshake.lambda$createSession$0(ProtocolHandshake.java:126)
	at java.util.stream.ReferencePipeline$3$1.accept(Unknown Source)
	at java.util.Spliterators$ArraySpliterator.tryAdvance(Unknown Source)
	at java.util.stream.ReferencePipeline.forEachWithCancel(Unknown Source)
	at java.util.stream.AbstractPipeline.copyIntoWithCancel(Unknown Source)
	at java.util.stream.AbstractPipeline.copyInto(Unknown Source)
	at java.util.stream.AbstractPipeline.wrapAndCopyInto(Unknown Source)
	at java.util.stream.FindOps$FindOp.evaluateSequential(Unknown Source)
	at java.util.stream.AbstractPipeline.evaluate(Unknown Source)
	at java.util.stream.ReferencePipeline.findFirst(Unknown Source)
	at org.openqa.selenium.remote.ProtocolHandshake.createSession(ProtocolHandshake.java:128)
	at org.openqa.selenium.remote.ProtocolHandshake.createSession(ProtocolHandshake.java:74)
	at org.openqa.selenium.remote.HttpCommandExecutor.execute(HttpCommandExecutor.java:136)
	at org.openqa.selenium.remote.service.DriverCommandExecutor.execute(DriverCommandExecutor.java:83)
	at org.openqa.selenium.remote.RemoteWebDriver.execute(RemoteWebDriver.java:552)
	at org.openqa.selenium.remote.RemoteWebDriver.startSession(RemoteWebDriver.java:213)
	at org.openqa.selenium.remote.RemoteWebDriver.&lt;init&gt;(RemoteWebDriver.java:131)
	at org.openqa.selenium.chrome.ChromeDriver.&lt;init&gt;(ChromeDriver.java:181)
	at org.openqa.selenium.chrome.ChromeDriver.&lt;init&gt;(ChromeDriver.java:168)
	at org.openqa.selenium.chrome.ChromeDriver.&lt;init&gt;(ChromeDriver.java:123)
	at NewPackage.NewTest.beforeMethod1(NewTest.java:18)
... Removed 32 stack frames</div></td></tr></table><p class="totop"><a href="#summary">back to summary</a></p>
<h3 id="m7">NewPackage.NewTest_1#Login</h3><table class="result"><tr><th>Exception</th></tr><tr><td><div class="stacktrace">org.openqa.selenium.SessionNotCreatedException: session not created: This version of ChromeDriver only supports Chrome version 86
Current browser version is 89.0.4389.90 with binary path C:\Program Files\Google\Chrome\Application\chrome.exe
Build info: version: &apos;3.141.59&apos;, revision: &apos;e82be7d358&apos;, time: &apos;2018-11-14T08:25:48&apos;
System info: host: &apos;LTSA000400&apos;, ip: &apos;10.174.111.156&apos;, os.name: &apos;Windows 10&apos;, os.arch: &apos;amd64&apos;, os.version: &apos;10.0&apos;, java.version: &apos;1.8.0_271&apos;
Driver info: driver.version: ChromeDriver
remote stacktrace: Backtrace:
	Ordinal0 [0x012AC013+3194899]
	Ordinal0 [0x01196021+2056225]
	Ordinal0 [0x0102F608+587272]
	Ordinal0 [0x00FB1BF3+72691]
	Ordinal0 [0x00FAE229+57897]
	Ordinal0 [0x00FAC64A+50762]
	Ordinal0 [0x00FD1EE9+204521]
	Ordinal0 [0x00FD1D0D+204045]
	Ordinal0 [0x00FCFC1B+195611]
	Ordinal0 [0x00FB3B7F+80767]
	Ordinal0 [0x00FB4B4E+84814]
	Ordinal0 [0x00FB4AD9+84697]
	Ordinal0 [0x011ACE64+2149988]
	GetHandleVerifier [0x0141BE95+1400773]
	GetHandleVerifier [0x0141BB61+1399953]
	GetHandleVerifier [0x014231FA+1430314]
	GetHandleVerifier [0x0141C69F+1402831]
	Ordinal0 [0x011A3D61+2112865]
	Ordinal0 [0x011AE5CB+2155979]
	Ordinal0 [0x011AE6F5+2156277]
	Ordinal0 [0x011BF26E+2224750]
	BaseThreadInitThunk [0x75C30419+25]
	RtlGetAppContainerNamedObjectPath [0x771672ED+237]
	RtlGetAppContainerNamedObjectPath [0x771672BD+189]

	at org.openqa.selenium.remote.W3CHandshakeResponse.lambda$errorHandler$0(W3CHandshakeResponse.java:62)
	at org.openqa.selenium.remote.HandshakeResponse.lambda$getResponseFunction$0(HandshakeResponse.java:30)
	at org.openqa.selenium.remote.ProtocolHandshake.lambda$createSession$0(ProtocolHandshake.java:126)
	at java.util.stream.ReferencePipeline$3$1.accept(Unknown Source)
	at java.util.Spliterators$ArraySpliterator.tryAdvance(Unknown Source)
	at java.util.stream.ReferencePipeline.forEachWithCancel(Unknown Source)
	at java.util.stream.AbstractPipeline.copyIntoWithCancel(Unknown Source)
	at java.util.stream.AbstractPipeline.copyInto(Unknown Source)
	at java.util.stream.AbstractPipeline.wrapAndCopyInto(Unknown Source)
	at java.util.stream.FindOps$FindOp.evaluateSequential(Unknown Source)
	at java.util.stream.AbstractPipeline.evaluate(Unknown Source)
	at java.util.stream.ReferencePipeline.findFirst(Unknown Source)
	at org.openqa.selenium.remote.ProtocolHandshake.createSession(ProtocolHandshake.java:128)
	at org.openqa.selenium.remote.ProtocolHandshake.createSession(ProtocolHandshake.java:74)
	at org.openqa.selenium.remote.HttpCommandExecutor.execute(HttpCommandExecutor.java:136)
	at org.openqa.selenium.remote.service.DriverCommandExecutor.execute(DriverCommandExecutor.java:83)
	at org.openqa.selenium.remote.RemoteWebDriver.execute(RemoteWebDriver.java:552)
	at org.openqa.selenium.remote.RemoteWebDriver.startSession(RemoteWebDriver.java:213)
	at org.openqa.selenium.remote.RemoteWebDriver.&lt;init&gt;(RemoteWebDriver.java:131)
	at org.openqa.selenium.chrome.ChromeDriver.&lt;init&gt;(ChromeDriver.java:181)
	at org.openqa.selenium.chrome.ChromeDriver.&lt;init&gt;(ChromeDriver.java:168)
	at org.openqa.selenium.chrome.ChromeDriver.&lt;init&gt;(ChromeDriver.java:123)
	at NewPackage.NewTest_1.beforeMethoddemo(NewTest_1.java:21)
... Removed 32 stack frames</div></td></tr></table><p class="totop"><a href="#summary">back to summary</a></p>
<h3 id="m8">NewPackage.NewTest_1#titleTest</h3><table class="result"><tr><th>Exception</th></tr><tr><td><div class="stacktrace">org.openqa.selenium.SessionNotCreatedException: session not created: This version of ChromeDriver only supports Chrome version 86
Current browser version is 89.0.4389.90 with binary path C:\Program Files\Google\Chrome\Application\chrome.exe
Build info: version: &apos;3.141.59&apos;, revision: &apos;e82be7d358&apos;, time: &apos;2018-11-14T08:25:48&apos;
System info: host: &apos;LTSA000400&apos;, ip: &apos;10.174.111.156&apos;, os.name: &apos;Windows 10&apos;, os.arch: &apos;amd64&apos;, os.version: &apos;10.0&apos;, java.version: &apos;1.8.0_271&apos;
Driver info: driver.version: ChromeDriver
remote stacktrace: Backtrace:
	Ordinal0 [0x012AC013+3194899]
	Ordinal0 [0x01196021+2056225]
	Ordinal0 [0x0102F608+587272]
	Ordinal0 [0x00FB1BF3+72691]
	Ordinal0 [0x00FAE229+57897]
	Ordinal0 [0x00FAC64A+50762]
	Ordinal0 [0x00FD1EE9+204521]
	Ordinal0 [0x00FD1D0D+204045]
	Ordinal0 [0x00FCFC1B+195611]
	Ordinal0 [0x00FB3B7F+80767]
	Ordinal0 [0x00FB4B4E+84814]
	Ordinal0 [0x00FB4AD9+84697]
	Ordinal0 [0x011ACE64+2149988]
	GetHandleVerifier [0x0141BE95+1400773]
	GetHandleVerifier [0x0141BB61+1399953]
	GetHandleVerifier [0x014231FA+1430314]
	GetHandleVerifier [0x0141C69F+1402831]
	Ordinal0 [0x011A3D61+2112865]
	Ordinal0 [0x011AE5CB+2155979]
	Ordinal0 [0x011AE6F5+2156277]
	Ordinal0 [0x011BF26E+2224750]
	BaseThreadInitThunk [0x75C30419+25]
	RtlGetAppContainerNamedObjectPath [0x771672ED+237]
	RtlGetAppContainerNamedObjectPath [0x771672BD+189]

	at org.openqa.selenium.remote.W3CHandshakeResponse.lambda$errorHandler$0(W3CHandshakeResponse.java:62)
	at org.openqa.selenium.remote.HandshakeResponse.lambda$getResponseFunction$0(HandshakeResponse.java:30)
	at org.openqa.selenium.remote.ProtocolHandshake.lambda$createSession$0(ProtocolHandshake.java:126)
	at java.util.stream.ReferencePipeline$3$1.accept(Unknown Source)
	at java.util.Spliterators$ArraySpliterator.tryAdvance(Unknown Source)
	at java.util.stream.ReferencePipeline.forEachWithCancel(Unknown Source)
	at java.util.stream.AbstractPipeline.copyIntoWithCancel(Unknown Source)
	at java.util.stream.AbstractPipeline.copyInto(Unknown Source)
	at java.util.stream.AbstractPipeline.wrapAndCopyInto(Unknown Source)
	at java.util.stream.FindOps$FindOp.evaluateSequential(Unknown Source)
	at java.util.stream.AbstractPipeline.evaluate(Unknown Source)
	at java.util.stream.ReferencePipeline.findFirst(Unknown Source)
	at org.openqa.selenium.remote.ProtocolHandshake.createSession(ProtocolHandshake.java:128)
	at org.openqa.selenium.remote.ProtocolHandshake.createSession(ProtocolHandshake.java:74)
	at org.openqa.selenium.remote.HttpCommandExecutor.execute(HttpCommandExecutor.java:136)
	at org.openqa.selenium.remote.service.DriverCommandExecutor.execute(DriverCommandExecutor.java:83)
	at org.openqa.selenium.remote.RemoteWebDriver.execute(RemoteWebDriver.java:552)
	at org.openqa.selenium.remote.RemoteWebDriver.startSession(RemoteWebDriver.java:213)
	at org.openqa.selenium.remote.RemoteWebDriver.&lt;init&gt;(RemoteWebDriver.java:131)
	at org.openqa.selenium.chrome.ChromeDriver.&lt;init&gt;(ChromeDriver.java:181)
	at org.openqa.selenium.chrome.ChromeDriver.&lt;init&gt;(ChromeDriver.java:168)
	at org.openqa.selenium.chrome.ChromeDriver.&lt;init&gt;(ChromeDriver.java:123)
	at NewPackage.NewTest_1.beforeMethoddemo(NewTest_1.java:21)
... Removed 32 stack frames</div></td></tr></table><p class="totop"><a href="#summary">back to summary</a></p>
</body>
</html>
