<?xml version="1.0" encoding="UTF-8"?>
<testng-results skipped="3" failed="0" ignored="0" total="3" passed="0">
  <reporter-output>
  </reporter-output>
  <suite name="Suite" duration-ms="10363" started-at="2021-06-17T13:13:01Z" finished-at="2021-06-17T13:13:12Z">
    <groups>
    </groups>
    <test name="Test" duration-ms="10363" started-at="2021-06-17T13:13:01Z" finished-at="2021-06-17T13:13:12Z">
      <class name="NewPackage.NewTest">
        <test-method status="FAIL" signature="beforeMethod1()[pri:0, instance:NewPackage.NewTest@14acaea5]" name="beforeMethod1" is-config="true" duration-ms="5626" started-at="2021-06-17T13:13:01Z" finished-at="2021-06-17T13:13:07Z">
          <exception class="org.openqa.selenium.SessionNotCreatedException">
            <message>
              <![CDATA[session not created: This version of ChromeDriver only supports Chrome version 86
Current browser version is 89.0.4389.90 with binary path C:\Program Files\Google\Chrome\Application\chrome.exe
Build info: version: '3.141.59', revision: 'e82be7d358', time: '2018-11-14T08:25:48'
System info: host: 'LTSA000400', ip: '10.174.111.156', os.name: 'Windows 10', os.arch: 'amd64', os.version: '10.0', java.version: '1.8.0_271'
Driver info: driver.version: ChromeDriver
remote stacktrace: Backtrace:
Ordinal0 [0x012AC013+3194899]
Ordinal0 [0x01196021+2056225]
Ordinal0 [0x0102F608+587272]
Ordinal0 [0x00FB1BF3+72691]
Ordinal0 [0x00FAE229+57897]
Ordinal0 [0x00FAC64A+50762]
Ordinal0 [0x00FD1EE9+204521]
Ordinal0 [0x00FD1D0D+204045]
Ordinal0 [0x00FCFC1B+195611]
Ordinal0 [0x00FB3B7F+80767]
Ordinal0 [0x00FB4B4E+84814]
Ordinal0 [0x00FB4AD9+84697]
Ordinal0 [0x011ACE64+2149988]
GetHandleVerifier [0x0141BE95+1400773]
GetHandleVerifier [0x0141BB61+1399953]
GetHandleVerifier [0x014231FA+1430314]
GetHandleVerifier [0x0141C69F+1402831]
Ordinal0 [0x011A3D61+2112865]
Ordinal0 [0x011AE5CB+2155979]
Ordinal0 [0x011AE6F5+2156277]
Ordinal0 [0x011BF26E+2224750]
BaseThreadInitThunk [0x75C30419+25]
RtlGetAppContainerNamedObjectPath [0x771672ED+237]
RtlGetAppContainerNamedObjectPath [0x771672BD+189]
]]>
            </message>
            <full-stacktrace>
              <![CDATA[org.openqa.selenium.SessionNotCreatedException: session not created: This version of ChromeDriver only supports Chrome version 86
Current browser version is 89.0.4389.90 with binary path C:\Program Files\Google\Chrome\Application\chrome.exe
Build info: version: '3.141.59', revision: 'e82be7d358', time: '2018-11-14T08:25:48'
System info: host: 'LTSA000400', ip: '10.174.111.156', os.name: 'Windows 10', os.arch: 'amd64', os.version: '10.0', java.version: '1.8.0_271'
Driver info: driver.version: ChromeDriver
remote stacktrace: Backtrace:
Ordinal0 [0x012AC013+3194899]
Ordinal0 [0x01196021+2056225]
Ordinal0 [0x0102F608+587272]
Ordinal0 [0x00FB1BF3+72691]
Ordinal0 [0x00FAE229+57897]
Ordinal0 [0x00FAC64A+50762]
Ordinal0 [0x00FD1EE9+204521]
Ordinal0 [0x00FD1D0D+204045]
Ordinal0 [0x00FCFC1B+195611]
Ordinal0 [0x00FB3B7F+80767]
Ordinal0 [0x00FB4B4E+84814]
Ordinal0 [0x00FB4AD9+84697]
Ordinal0 [0x011ACE64+2149988]
GetHandleVerifier [0x0141BE95+1400773]
GetHandleVerifier [0x0141BB61+1399953]
GetHandleVerifier [0x014231FA+1430314]
GetHandleVerifier [0x0141C69F+1402831]
Ordinal0 [0x011A3D61+2112865]
Ordinal0 [0x011AE5CB+2155979]
Ordinal0 [0x011AE6F5+2156277]
Ordinal0 [0x011BF26E+2224750]
BaseThreadInitThunk [0x75C30419+25]
RtlGetAppContainerNamedObjectPath [0x771672ED+237]
RtlGetAppContainerNamedObjectPath [0x771672BD+189]

at sun.reflect.NativeConstructorAccessorImpl.newInstance0(Native Method)
at sun.reflect.NativeConstructorAccessorImpl.newInstance(Unknown Source)
at sun.reflect.DelegatingConstructorAccessorImpl.newInstance(Unknown Source)
at java.lang.reflect.Constructor.newInstance(Unknown Source)
at org.openqa.selenium.remote.W3CHandshakeResponse.lambda$errorHandler$0(W3CHandshakeResponse.java:62)
at org.openqa.selenium.remote.HandshakeResponse.lambda$getResponseFunction$0(HandshakeResponse.java:30)
at org.openqa.selenium.remote.ProtocolHandshake.lambda$createSession$0(ProtocolHandshake.java:126)
at java.util.stream.ReferencePipeline$3$1.accept(Unknown Source)
at java.util.Spliterators$ArraySpliterator.tryAdvance(Unknown Source)
at java.util.stream.ReferencePipeline.forEachWithCancel(Unknown Source)
at java.util.stream.AbstractPipeline.copyIntoWithCancel(Unknown Source)
at java.util.stream.AbstractPipeline.copyInto(Unknown Source)
at java.util.stream.AbstractPipeline.wrapAndCopyInto(Unknown Source)
at java.util.stream.FindOps$FindOp.evaluateSequential(Unknown Source)
at java.util.stream.AbstractPipeline.evaluate(Unknown Source)
at java.util.stream.ReferencePipeline.findFirst(Unknown Source)
at org.openqa.selenium.remote.ProtocolHandshake.createSession(ProtocolHandshake.java:128)
at org.openqa.selenium.remote.ProtocolHandshake.createSession(ProtocolHandshake.java:74)
at org.openqa.selenium.remote.HttpCommandExecutor.execute(HttpCommandExecutor.java:136)
at org.openqa.selenium.remote.service.DriverCommandExecutor.execute(DriverCommandExecutor.java:83)
at org.openqa.selenium.remote.RemoteWebDriver.execute(RemoteWebDriver.java:552)
at org.openqa.selenium.remote.RemoteWebDriver.startSession(RemoteWebDriver.java:213)
at org.openqa.selenium.remote.RemoteWebDriver.<init>(RemoteWebDriver.java:131)
at org.openqa.selenium.chrome.ChromeDriver.<init>(ChromeDriver.java:181)
at org.openqa.selenium.chrome.ChromeDriver.<init>(ChromeDriver.java:168)
at org.openqa.selenium.chrome.ChromeDriver.<init>(ChromeDriver.java:123)
at NewPackage.NewTest.beforeMethod1(NewTest.java:18)
at sun.reflect.NativeMethodAccessorImpl.invoke0(Native Method)
at sun.reflect.NativeMethodAccessorImpl.invoke(Unknown Source)
at sun.reflect.DelegatingMethodAccessorImpl.invoke(Unknown Source)
at java.lang.reflect.Method.invoke(Unknown Source)
at org.testng.internal.MethodInvocationHelper.invokeMethod(MethodInvocationHelper.java:124)
at org.testng.internal.MethodInvocationHelper.invokeMethodConsideringTimeout(MethodInvocationHelper.java:59)
at org.testng.internal.Invoker.invokeConfigurationMethod(Invoker.java:458)
at org.testng.internal.Invoker.invokeConfigurations(Invoker.java:222)
at org.testng.internal.Invoker.invokeMethod(Invoker.java:523)
at org.testng.internal.Invoker.invokeTestMethod(Invoker.java:719)
at org.testng.internal.Invoker.invokeTestMethods(Invoker.java:989)
at org.testng.internal.TestMethodWorker.invokeTestMethods(TestMethodWorker.java:125)
at org.testng.internal.TestMethodWorker.run(TestMethodWorker.java:109)
at org.testng.TestRunner.privateRun(TestRunner.java:648)
at org.testng.TestRunner.run(TestRunner.java:505)
at org.testng.SuiteRunner.runTest(SuiteRunner.java:455)
at org.testng.SuiteRunner.runSequentially(SuiteRunner.java:450)
at org.testng.SuiteRunner.privateRun(SuiteRunner.java:415)
at org.testng.SuiteRunner.run(SuiteRunner.java:364)
at org.testng.SuiteRunnerWorker.runSuite(SuiteRunnerWorker.java:52)
at org.testng.SuiteRunnerWorker.run(SuiteRunnerWorker.java:84)
at org.testng.TestNG.runSuitesSequentially(TestNG.java:1208)
at org.testng.TestNG.runSuitesLocally(TestNG.java:1137)
at org.testng.TestNG.runSuites(TestNG.java:1049)
at org.testng.TestNG.run(TestNG.java:1017)
at org.testng.remote.AbstractRemoteTestNG.run(AbstractRemoteTestNG.java:114)
at org.testng.remote.RemoteTestNG.initAndRun(RemoteTestNG.java:251)
at org.testng.remote.RemoteTestNG.main(RemoteTestNG.java:77)
]]>
            </full-stacktrace>
          </exception> <!-- org.openqa.selenium.SessionNotCreatedException -->
          <reporter-output>
          </reporter-output>
        </test-method> <!-- beforeMethod1 -->
        <test-method status="SKIP" signature="f()[pri:0, instance:NewPackage.NewTest@14acaea5]" name="f" duration-ms="0" started-at="2021-06-17T13:13:07Z" finished-at="2021-06-17T13:13:07Z">
          <exception class="org.openqa.selenium.SessionNotCreatedException">
            <message>
              <![CDATA[session not created: This version of ChromeDriver only supports Chrome version 86
Current browser version is 89.0.4389.90 with binary path C:\Program Files\Google\Chrome\Application\chrome.exe
Build info: version: '3.141.59', revision: 'e82be7d358', time: '2018-11-14T08:25:48'
System info: host: 'LTSA000400', ip: '10.174.111.156', os.name: 'Windows 10', os.arch: 'amd64', os.version: '10.0', java.version: '1.8.0_271'
Driver info: driver.version: ChromeDriver
remote stacktrace: Backtrace:
Ordinal0 [0x012AC013+3194899]
Ordinal0 [0x01196021+2056225]
Ordinal0 [0x0102F608+587272]
Ordinal0 [0x00FB1BF3+72691]
Ordinal0 [0x00FAE229+57897]
Ordinal0 [0x00FAC64A+50762]
Ordinal0 [0x00FD1EE9+204521]
Ordinal0 [0x00FD1D0D+204045]
Ordinal0 [0x00FCFC1B+195611]
Ordinal0 [0x00FB3B7F+80767]
Ordinal0 [0x00FB4B4E+84814]
Ordinal0 [0x00FB4AD9+84697]
Ordinal0 [0x011ACE64+2149988]
GetHandleVerifier [0x0141BE95+1400773]
GetHandleVerifier [0x0141BB61+1399953]
GetHandleVerifier [0x014231FA+1430314]
GetHandleVerifier [0x0141C69F+1402831]
Ordinal0 [0x011A3D61+2112865]
Ordinal0 [0x011AE5CB+2155979]
Ordinal0 [0x011AE6F5+2156277]
Ordinal0 [0x011BF26E+2224750]
BaseThreadInitThunk [0x75C30419+25]
RtlGetAppContainerNamedObjectPath [0x771672ED+237]
RtlGetAppContainerNamedObjectPath [0x771672BD+189]
]]>
            </message>
            <full-stacktrace>
              <![CDATA[org.openqa.selenium.SessionNotCreatedException: session not created: This version of ChromeDriver only supports Chrome version 86
Current browser version is 89.0.4389.90 with binary path C:\Program Files\Google\Chrome\Application\chrome.exe
Build info: version: '3.141.59', revision: 'e82be7d358', time: '2018-11-14T08:25:48'
System info: host: 'LTSA000400', ip: '10.174.111.156', os.name: 'Windows 10', os.arch: 'amd64', os.version: '10.0', java.version: '1.8.0_271'
Driver info: driver.version: ChromeDriver
remote stacktrace: Backtrace:
Ordinal0 [0x012AC013+3194899]
Ordinal0 [0x01196021+2056225]
Ordinal0 [0x0102F608+587272]
Ordinal0 [0x00FB1BF3+72691]
Ordinal0 [0x00FAE229+57897]
Ordinal0 [0x00FAC64A+50762]
Ordinal0 [0x00FD1EE9+204521]
Ordinal0 [0x00FD1D0D+204045]
Ordinal0 [0x00FCFC1B+195611]
Ordinal0 [0x00FB3B7F+80767]
Ordinal0 [0x00FB4B4E+84814]
Ordinal0 [0x00FB4AD9+84697]
Ordinal0 [0x011ACE64+2149988]
GetHandleVerifier [0x0141BE95+1400773]
GetHandleVerifier [0x0141BB61+1399953]
GetHandleVerifier [0x014231FA+1430314]
GetHandleVerifier [0x0141C69F+1402831]
Ordinal0 [0x011A3D61+2112865]
Ordinal0 [0x011AE5CB+2155979]
Ordinal0 [0x011AE6F5+2156277]
Ordinal0 [0x011BF26E+2224750]
BaseThreadInitThunk [0x75C30419+25]
RtlGetAppContainerNamedObjectPath [0x771672ED+237]
RtlGetAppContainerNamedObjectPath [0x771672BD+189]

at sun.reflect.NativeConstructorAccessorImpl.newInstance0(Native Method)
at sun.reflect.NativeConstructorAccessorImpl.newInstance(Unknown Source)
at sun.reflect.DelegatingConstructorAccessorImpl.newInstance(Unknown Source)
at java.lang.reflect.Constructor.newInstance(Unknown Source)
at org.openqa.selenium.remote.W3CHandshakeResponse.lambda$errorHandler$0(W3CHandshakeResponse.java:62)
at org.openqa.selenium.remote.HandshakeResponse.lambda$getResponseFunction$0(HandshakeResponse.java:30)
at org.openqa.selenium.remote.ProtocolHandshake.lambda$createSession$0(ProtocolHandshake.java:126)
at java.util.stream.ReferencePipeline$3$1.accept(Unknown Source)
at java.util.Spliterators$ArraySpliterator.tryAdvance(Unknown Source)
at java.util.stream.ReferencePipeline.forEachWithCancel(Unknown Source)
at java.util.stream.AbstractPipeline.copyIntoWithCancel(Unknown Source)
at java.util.stream.AbstractPipeline.copyInto(Unknown Source)
at java.util.stream.AbstractPipeline.wrapAndCopyInto(Unknown Source)
at java.util.stream.FindOps$FindOp.evaluateSequential(Unknown Source)
at java.util.stream.AbstractPipeline.evaluate(Unknown Source)
at java.util.stream.ReferencePipeline.findFirst(Unknown Source)
at org.openqa.selenium.remote.ProtocolHandshake.createSession(ProtocolHandshake.java:128)
at org.openqa.selenium.remote.ProtocolHandshake.createSession(ProtocolHandshake.java:74)
at org.openqa.selenium.remote.HttpCommandExecutor.execute(HttpCommandExecutor.java:136)
at org.openqa.selenium.remote.service.DriverCommandExecutor.execute(DriverCommandExecutor.java:83)
at org.openqa.selenium.remote.RemoteWebDriver.execute(RemoteWebDriver.java:552)
at org.openqa.selenium.remote.RemoteWebDriver.startSession(RemoteWebDriver.java:213)
at org.openqa.selenium.remote.RemoteWebDriver.<init>(RemoteWebDriver.java:131)
at org.openqa.selenium.chrome.ChromeDriver.<init>(ChromeDriver.java:181)
at org.openqa.selenium.chrome.ChromeDriver.<init>(ChromeDriver.java:168)
at org.openqa.selenium.chrome.ChromeDriver.<init>(ChromeDriver.java:123)
at NewPackage.NewTest.beforeMethod1(NewTest.java:18)
at sun.reflect.NativeMethodAccessorImpl.invoke0(Native Method)
at sun.reflect.NativeMethodAccessorImpl.invoke(Unknown Source)
at sun.reflect.DelegatingMethodAccessorImpl.invoke(Unknown Source)
at java.lang.reflect.Method.invoke(Unknown Source)
at org.testng.internal.MethodInvocationHelper.invokeMethod(MethodInvocationHelper.java:124)
at org.testng.internal.MethodInvocationHelper.invokeMethodConsideringTimeout(MethodInvocationHelper.java:59)
at org.testng.internal.Invoker.invokeConfigurationMethod(Invoker.java:458)
at org.testng.internal.Invoker.invokeConfigurations(Invoker.java:222)
at org.testng.internal.Invoker.invokeMethod(Invoker.java:523)
at org.testng.internal.Invoker.invokeTestMethod(Invoker.java:719)
at org.testng.internal.Invoker.invokeTestMethods(Invoker.java:989)
at org.testng.internal.TestMethodWorker.invokeTestMethods(TestMethodWorker.java:125)
at org.testng.internal.TestMethodWorker.run(TestMethodWorker.java:109)
at org.testng.TestRunner.privateRun(TestRunner.java:648)
at org.testng.TestRunner.run(TestRunner.java:505)
at org.testng.SuiteRunner.runTest(SuiteRunner.java:455)
at org.testng.SuiteRunner.runSequentially(SuiteRunner.java:450)
at org.testng.SuiteRunner.privateRun(SuiteRunner.java:415)
at org.testng.SuiteRunner.run(SuiteRunner.java:364)
at org.testng.SuiteRunnerWorker.runSuite(SuiteRunnerWorker.java:52)
at org.testng.SuiteRunnerWorker.run(SuiteRunnerWorker.java:84)
at org.testng.TestNG.runSuitesSequentially(TestNG.java:1208)
at org.testng.TestNG.runSuitesLocally(TestNG.java:1137)
at org.testng.TestNG.runSuites(TestNG.java:1049)
at org.testng.TestNG.run(TestNG.java:1017)
at org.testng.remote.AbstractRemoteTestNG.run(AbstractRemoteTestNG.java:114)
at org.testng.remote.RemoteTestNG.initAndRun(RemoteTestNG.java:251)
at org.testng.remote.RemoteTestNG.main(RemoteTestNG.java:77)
]]>
            </full-stacktrace>
          </exception> <!-- org.openqa.selenium.SessionNotCreatedException -->
          <reporter-output>
          </reporter-output>
        </test-method> <!-- f -->
        <test-method status="SKIP" signature="afterMethod1()[pri:0, instance:NewPackage.NewTest@14acaea5]" name="afterMethod1" is-config="true" duration-ms="0" started-at="2021-06-17T13:13:07Z" finished-at="2021-06-17T13:13:07Z">
          <reporter-output>
          </reporter-output>
        </test-method> <!-- afterMethod1 -->
      </class> <!-- NewPackage.NewTest -->
      <class name="NewPackage.NewTest_1">
        <test-method status="FAIL" signature="beforeMethoddemo()[pri:0, instance:NewPackage.NewTest_1@46d56d67]" name="beforeMethoddemo" is-config="true" duration-ms="4661" started-at="2021-06-17T13:13:07Z" finished-at="2021-06-17T13:13:12Z">
          <exception class="org.openqa.selenium.SessionNotCreatedException">
            <message>
              <![CDATA[session not created: This version of ChromeDriver only supports Chrome version 86
Current browser version is 89.0.4389.90 with binary path C:\Program Files\Google\Chrome\Application\chrome.exe
Build info: version: '3.141.59', revision: 'e82be7d358', time: '2018-11-14T08:25:48'
System info: host: 'LTSA000400', ip: '10.174.111.156', os.name: 'Windows 10', os.arch: 'amd64', os.version: '10.0', java.version: '1.8.0_271'
Driver info: driver.version: ChromeDriver
remote stacktrace: Backtrace:
Ordinal0 [0x012AC013+3194899]
Ordinal0 [0x01196021+2056225]
Ordinal0 [0x0102F608+587272]
Ordinal0 [0x00FB1BF3+72691]
Ordinal0 [0x00FAE229+57897]
Ordinal0 [0x00FAC64A+50762]
Ordinal0 [0x00FD1EE9+204521]
Ordinal0 [0x00FD1D0D+204045]
Ordinal0 [0x00FCFC1B+195611]
Ordinal0 [0x00FB3B7F+80767]
Ordinal0 [0x00FB4B4E+84814]
Ordinal0 [0x00FB4AD9+84697]
Ordinal0 [0x011ACE64+2149988]
GetHandleVerifier [0x0141BE95+1400773]
GetHandleVerifier [0x0141BB61+1399953]
GetHandleVerifier [0x014231FA+1430314]
GetHandleVerifier [0x0141C69F+1402831]
Ordinal0 [0x011A3D61+2112865]
Ordinal0 [0x011AE5CB+2155979]
Ordinal0 [0x011AE6F5+2156277]
Ordinal0 [0x011BF26E+2224750]
BaseThreadInitThunk [0x75C30419+25]
RtlGetAppContainerNamedObjectPath [0x771672ED+237]
RtlGetAppContainerNamedObjectPath [0x771672BD+189]
]]>
            </message>
            <full-stacktrace>
              <![CDATA[org.openqa.selenium.SessionNotCreatedException: session not created: This version of ChromeDriver only supports Chrome version 86
Current browser version is 89.0.4389.90 with binary path C:\Program Files\Google\Chrome\Application\chrome.exe
Build info: version: '3.141.59', revision: 'e82be7d358', time: '2018-11-14T08:25:48'
System info: host: 'LTSA000400', ip: '10.174.111.156', os.name: 'Windows 10', os.arch: 'amd64', os.version: '10.0', java.version: '1.8.0_271'
Driver info: driver.version: ChromeDriver
remote stacktrace: Backtrace:
Ordinal0 [0x012AC013+3194899]
Ordinal0 [0x01196021+2056225]
Ordinal0 [0x0102F608+587272]
Ordinal0 [0x00FB1BF3+72691]
Ordinal0 [0x00FAE229+57897]
Ordinal0 [0x00FAC64A+50762]
Ordinal0 [0x00FD1EE9+204521]
Ordinal0 [0x00FD1D0D+204045]
Ordinal0 [0x00FCFC1B+195611]
Ordinal0 [0x00FB3B7F+80767]
Ordinal0 [0x00FB4B4E+84814]
Ordinal0 [0x00FB4AD9+84697]
Ordinal0 [0x011ACE64+2149988]
GetHandleVerifier [0x0141BE95+1400773]
GetHandleVerifier [0x0141BB61+1399953]
GetHandleVerifier [0x014231FA+1430314]
GetHandleVerifier [0x0141C69F+1402831]
Ordinal0 [0x011A3D61+2112865]
Ordinal0 [0x011AE5CB+2155979]
Ordinal0 [0x011AE6F5+2156277]
Ordinal0 [0x011BF26E+2224750]
BaseThreadInitThunk [0x75C30419+25]
RtlGetAppContainerNamedObjectPath [0x771672ED+237]
RtlGetAppContainerNamedObjectPath [0x771672BD+189]

at sun.reflect.NativeConstructorAccessorImpl.newInstance0(Native Method)
at sun.reflect.NativeConstructorAccessorImpl.newInstance(Unknown Source)
at sun.reflect.DelegatingConstructorAccessorImpl.newInstance(Unknown Source)
at java.lang.reflect.Constructor.newInstance(Unknown Source)
at org.openqa.selenium.remote.W3CHandshakeResponse.lambda$errorHandler$0(W3CHandshakeResponse.java:62)
at org.openqa.selenium.remote.HandshakeResponse.lambda$getResponseFunction$0(HandshakeResponse.java:30)
at org.openqa.selenium.remote.ProtocolHandshake.lambda$createSession$0(ProtocolHandshake.java:126)
at java.util.stream.ReferencePipeline$3$1.accept(Unknown Source)
at java.util.Spliterators$ArraySpliterator.tryAdvance(Unknown Source)
at java.util.stream.ReferencePipeline.forEachWithCancel(Unknown Source)
at java.util.stream.AbstractPipeline.copyIntoWithCancel(Unknown Source)
at java.util.stream.AbstractPipeline.copyInto(Unknown Source)
at java.util.stream.AbstractPipeline.wrapAndCopyInto(Unknown Source)
at java.util.stream.FindOps$FindOp.evaluateSequential(Unknown Source)
at java.util.stream.AbstractPipeline.evaluate(Unknown Source)
at java.util.stream.ReferencePipeline.findFirst(Unknown Source)
at org.openqa.selenium.remote.ProtocolHandshake.createSession(ProtocolHandshake.java:128)
at org.openqa.selenium.remote.ProtocolHandshake.createSession(ProtocolHandshake.java:74)
at org.openqa.selenium.remote.HttpCommandExecutor.execute(HttpCommandExecutor.java:136)
at org.openqa.selenium.remote.service.DriverCommandExecutor.execute(DriverCommandExecutor.java:83)
at org.openqa.selenium.remote.RemoteWebDriver.execute(RemoteWebDriver.java:552)
at org.openqa.selenium.remote.RemoteWebDriver.startSession(RemoteWebDriver.java:213)
at org.openqa.selenium.remote.RemoteWebDriver.<init>(RemoteWebDriver.java:131)
at org.openqa.selenium.chrome.ChromeDriver.<init>(ChromeDriver.java:181)
at org.openqa.selenium.chrome.ChromeDriver.<init>(ChromeDriver.java:168)
at org.openqa.selenium.chrome.ChromeDriver.<init>(ChromeDriver.java:123)
at NewPackage.NewTest_1.beforeMethoddemo(NewTest_1.java:21)
at sun.reflect.NativeMethodAccessorImpl.invoke0(Native Method)
at sun.reflect.NativeMethodAccessorImpl.invoke(Unknown Source)
at sun.reflect.DelegatingMethodAccessorImpl.invoke(Unknown Source)
at java.lang.reflect.Method.invoke(Unknown Source)
at org.testng.internal.MethodInvocationHelper.invokeMethod(MethodInvocationHelper.java:124)
at org.testng.internal.MethodInvocationHelper.invokeMethodConsideringTimeout(MethodInvocationHelper.java:59)
at org.testng.internal.Invoker.invokeConfigurationMethod(Invoker.java:458)
at org.testng.internal.Invoker.invokeConfigurations(Invoker.java:222)
at org.testng.internal.Invoker.invokeMethod(Invoker.java:523)
at org.testng.internal.Invoker.invokeTestMethod(Invoker.java:719)
at org.testng.internal.Invoker.invokeTestMethods(Invoker.java:989)
at org.testng.internal.TestMethodWorker.invokeTestMethods(TestMethodWorker.java:125)
at org.testng.internal.TestMethodWorker.run(TestMethodWorker.java:109)
at org.testng.TestRunner.privateRun(TestRunner.java:648)
at org.testng.TestRunner.run(TestRunner.java:505)
at org.testng.SuiteRunner.runTest(SuiteRunner.java:455)
at org.testng.SuiteRunner.runSequentially(SuiteRunner.java:450)
at org.testng.SuiteRunner.privateRun(SuiteRunner.java:415)
at org.testng.SuiteRunner.run(SuiteRunner.java:364)
at org.testng.SuiteRunnerWorker.runSuite(SuiteRunnerWorker.java:52)
at org.testng.SuiteRunnerWorker.run(SuiteRunnerWorker.java:84)
at org.testng.TestNG.runSuitesSequentially(TestNG.java:1208)
at org.testng.TestNG.runSuitesLocally(TestNG.java:1137)
at org.testng.TestNG.runSuites(TestNG.java:1049)
at org.testng.TestNG.run(TestNG.java:1017)
at org.testng.remote.AbstractRemoteTestNG.run(AbstractRemoteTestNG.java:114)
at org.testng.remote.RemoteTestNG.initAndRun(RemoteTestNG.java:251)
at org.testng.remote.RemoteTestNG.main(RemoteTestNG.java:77)
]]>
            </full-stacktrace>
          </exception> <!-- org.openqa.selenium.SessionNotCreatedException -->
          <reporter-output>
          </reporter-output>
        </test-method> <!-- beforeMethoddemo -->
        <test-method status="SKIP" signature="Login()[pri:0, instance:NewPackage.NewTest_1@46d56d67]" name="Login" duration-ms="0" started-at="2021-06-17T13:13:12Z" finished-at="2021-06-17T13:13:12Z">
          <exception class="org.openqa.selenium.SessionNotCreatedException">
            <message>
              <![CDATA[session not created: This version of ChromeDriver only supports Chrome version 86
Current browser version is 89.0.4389.90 with binary path C:\Program Files\Google\Chrome\Application\chrome.exe
Build info: version: '3.141.59', revision: 'e82be7d358', time: '2018-11-14T08:25:48'
System info: host: 'LTSA000400', ip: '10.174.111.156', os.name: 'Windows 10', os.arch: 'amd64', os.version: '10.0', java.version: '1.8.0_271'
Driver info: driver.version: ChromeDriver
remote stacktrace: Backtrace:
Ordinal0 [0x012AC013+3194899]
Ordinal0 [0x01196021+2056225]
Ordinal0 [0x0102F608+587272]
Ordinal0 [0x00FB1BF3+72691]
Ordinal0 [0x00FAE229+57897]
Ordinal0 [0x00FAC64A+50762]
Ordinal0 [0x00FD1EE9+204521]
Ordinal0 [0x00FD1D0D+204045]
Ordinal0 [0x00FCFC1B+195611]
Ordinal0 [0x00FB3B7F+80767]
Ordinal0 [0x00FB4B4E+84814]
Ordinal0 [0x00FB4AD9+84697]
Ordinal0 [0x011ACE64+2149988]
GetHandleVerifier [0x0141BE95+1400773]
GetHandleVerifier [0x0141BB61+1399953]
GetHandleVerifier [0x014231FA+1430314]
GetHandleVerifier [0x0141C69F+1402831]
Ordinal0 [0x011A3D61+2112865]
Ordinal0 [0x011AE5CB+2155979]
Ordinal0 [0x011AE6F5+2156277]
Ordinal0 [0x011BF26E+2224750]
BaseThreadInitThunk [0x75C30419+25]
RtlGetAppContainerNamedObjectPath [0x771672ED+237]
RtlGetAppContainerNamedObjectPath [0x771672BD+189]
]]>
            </message>
            <full-stacktrace>
              <![CDATA[org.openqa.selenium.SessionNotCreatedException: session not created: This version of ChromeDriver only supports Chrome version 86
Current browser version is 89.0.4389.90 with binary path C:\Program Files\Google\Chrome\Application\chrome.exe
Build info: version: '3.141.59', revision: 'e82be7d358', time: '2018-11-14T08:25:48'
System info: host: 'LTSA000400', ip: '10.174.111.156', os.name: 'Windows 10', os.arch: 'amd64', os.version: '10.0', java.version: '1.8.0_271'
Driver info: driver.version: ChromeDriver
remote stacktrace: Backtrace:
Ordinal0 [0x012AC013+3194899]
Ordinal0 [0x01196021+2056225]
Ordinal0 [0x0102F608+587272]
Ordinal0 [0x00FB1BF3+72691]
Ordinal0 [0x00FAE229+57897]
Ordinal0 [0x00FAC64A+50762]
Ordinal0 [0x00FD1EE9+204521]
Ordinal0 [0x00FD1D0D+204045]
Ordinal0 [0x00FCFC1B+195611]
Ordinal0 [0x00FB3B7F+80767]
Ordinal0 [0x00FB4B4E+84814]
Ordinal0 [0x00FB4AD9+84697]
Ordinal0 [0x011ACE64+2149988]
GetHandleVerifier [0x0141BE95+1400773]
GetHandleVerifier [0x0141BB61+1399953]
GetHandleVerifier [0x014231FA+1430314]
GetHandleVerifier [0x0141C69F+1402831]
Ordinal0 [0x011A3D61+2112865]
Ordinal0 [0x011AE5CB+2155979]
Ordinal0 [0x011AE6F5+2156277]
Ordinal0 [0x011BF26E+2224750]
BaseThreadInitThunk [0x75C30419+25]
RtlGetAppContainerNamedObjectPath [0x771672ED+237]
RtlGetAppContainerNamedObjectPath [0x771672BD+189]

at sun.reflect.NativeConstructorAccessorImpl.newInstance0(Native Method)
at sun.reflect.NativeConstructorAccessorImpl.newInstance(Unknown Source)
at sun.reflect.DelegatingConstructorAccessorImpl.newInstance(Unknown Source)
at java.lang.reflect.Constructor.newInstance(Unknown Source)
at org.openqa.selenium.remote.W3CHandshakeResponse.lambda$errorHandler$0(W3CHandshakeResponse.java:62)
at org.openqa.selenium.remote.HandshakeResponse.lambda$getResponseFunction$0(HandshakeResponse.java:30)
at org.openqa.selenium.remote.ProtocolHandshake.lambda$createSession$0(ProtocolHandshake.java:126)
at java.util.stream.ReferencePipeline$3$1.accept(Unknown Source)
at java.util.Spliterators$ArraySpliterator.tryAdvance(Unknown Source)
at java.util.stream.ReferencePipeline.forEachWithCancel(Unknown Source)
at java.util.stream.AbstractPipeline.copyIntoWithCancel(Unknown Source)
at java.util.stream.AbstractPipeline.copyInto(Unknown Source)
at java.util.stream.AbstractPipeline.wrapAndCopyInto(Unknown Source)
at java.util.stream.FindOps$FindOp.evaluateSequential(Unknown Source)
at java.util.stream.AbstractPipeline.evaluate(Unknown Source)
at java.util.stream.ReferencePipeline.findFirst(Unknown Source)
at org.openqa.selenium.remote.ProtocolHandshake.createSession(ProtocolHandshake.java:128)
at org.openqa.selenium.remote.ProtocolHandshake.createSession(ProtocolHandshake.java:74)
at org.openqa.selenium.remote.HttpCommandExecutor.execute(HttpCommandExecutor.java:136)
at org.openqa.selenium.remote.service.DriverCommandExecutor.execute(DriverCommandExecutor.java:83)
at org.openqa.selenium.remote.RemoteWebDriver.execute(RemoteWebDriver.java:552)
at org.openqa.selenium.remote.RemoteWebDriver.startSession(RemoteWebDriver.java:213)
at org.openqa.selenium.remote.RemoteWebDriver.<init>(RemoteWebDriver.java:131)
at org.openqa.selenium.chrome.ChromeDriver.<init>(ChromeDriver.java:181)
at org.openqa.selenium.chrome.ChromeDriver.<init>(ChromeDriver.java:168)
at org.openqa.selenium.chrome.ChromeDriver.<init>(ChromeDriver.java:123)
at NewPackage.NewTest_1.beforeMethoddemo(NewTest_1.java:21)
at sun.reflect.NativeMethodAccessorImpl.invoke0(Native Method)
at sun.reflect.NativeMethodAccessorImpl.invoke(Unknown Source)
at sun.reflect.DelegatingMethodAccessorImpl.invoke(Unknown Source)
at java.lang.reflect.Method.invoke(Unknown Source)
at org.testng.internal.MethodInvocationHelper.invokeMethod(MethodInvocationHelper.java:124)
at org.testng.internal.MethodInvocationHelper.invokeMethodConsideringTimeout(MethodInvocationHelper.java:59)
at org.testng.internal.Invoker.invokeConfigurationMethod(Invoker.java:458)
at org.testng.internal.Invoker.invokeConfigurations(Invoker.java:222)
at org.testng.internal.Invoker.invokeMethod(Invoker.java:523)
at org.testng.internal.Invoker.invokeTestMethod(Invoker.java:719)
at org.testng.internal.Invoker.invokeTestMethods(Invoker.java:989)
at org.testng.internal.TestMethodWorker.invokeTestMethods(TestMethodWorker.java:125)
at org.testng.internal.TestMethodWorker.run(TestMethodWorker.java:109)
at org.testng.TestRunner.privateRun(TestRunner.java:648)
at org.testng.TestRunner.run(TestRunner.java:505)
at org.testng.SuiteRunner.runTest(SuiteRunner.java:455)
at org.testng.SuiteRunner.runSequentially(SuiteRunner.java:450)
at org.testng.SuiteRunner.privateRun(SuiteRunner.java:415)
at org.testng.SuiteRunner.run(SuiteRunner.java:364)
at org.testng.SuiteRunnerWorker.runSuite(SuiteRunnerWorker.java:52)
at org.testng.SuiteRunnerWorker.run(SuiteRunnerWorker.java:84)
at org.testng.TestNG.runSuitesSequentially(TestNG.java:1208)
at org.testng.TestNG.runSuitesLocally(TestNG.java:1137)
at org.testng.TestNG.runSuites(TestNG.java:1049)
at org.testng.TestNG.run(TestNG.java:1017)
at org.testng.remote.AbstractRemoteTestNG.run(AbstractRemoteTestNG.java:114)
at org.testng.remote.RemoteTestNG.initAndRun(RemoteTestNG.java:251)
at org.testng.remote.RemoteTestNG.main(RemoteTestNG.java:77)
]]>
            </full-stacktrace>
          </exception> <!-- org.openqa.selenium.SessionNotCreatedException -->
          <reporter-output>
          </reporter-output>
        </test-method> <!-- Login -->
        <test-method status="SKIP" signature="afterMethoddemo()[pri:0, instance:NewPackage.NewTest_1@46d56d67]" name="afterMethoddemo" is-config="true" duration-ms="0" started-at="2021-06-17T13:13:12Z" finished-at="2021-06-17T13:13:12Z">
          <reporter-output>
          </reporter-output>
        </test-method> <!-- afterMethoddemo -->
        <test-method status="SKIP" signature="beforeMethoddemo()[pri:0, instance:NewPackage.NewTest_1@46d56d67]" name="beforeMethoddemo" is-config="true" duration-ms="0" started-at="2021-06-17T13:13:12Z" finished-at="2021-06-17T13:13:12Z">
          <reporter-output>
          </reporter-output>
        </test-method> <!-- beforeMethoddemo -->
        <test-method status="SKIP" signature="titleTest()[pri:0, instance:NewPackage.NewTest_1@46d56d67]" name="titleTest" duration-ms="0" started-at="2021-06-17T13:13:12Z" finished-at="2021-06-17T13:13:12Z">
          <exception class="org.openqa.selenium.SessionNotCreatedException">
            <message>
              <![CDATA[session not created: This version of ChromeDriver only supports Chrome version 86
Current browser version is 89.0.4389.90 with binary path C:\Program Files\Google\Chrome\Application\chrome.exe
Build info: version: '3.141.59', revision: 'e82be7d358', time: '2018-11-14T08:25:48'
System info: host: 'LTSA000400', ip: '10.174.111.156', os.name: 'Windows 10', os.arch: 'amd64', os.version: '10.0', java.version: '1.8.0_271'
Driver info: driver.version: ChromeDriver
remote stacktrace: Backtrace:
Ordinal0 [0x012AC013+3194899]
Ordinal0 [0x01196021+2056225]
Ordinal0 [0x0102F608+587272]
Ordinal0 [0x00FB1BF3+72691]
Ordinal0 [0x00FAE229+57897]
Ordinal0 [0x00FAC64A+50762]
Ordinal0 [0x00FD1EE9+204521]
Ordinal0 [0x00FD1D0D+204045]
Ordinal0 [0x00FCFC1B+195611]
Ordinal0 [0x00FB3B7F+80767]
Ordinal0 [0x00FB4B4E+84814]
Ordinal0 [0x00FB4AD9+84697]
Ordinal0 [0x011ACE64+2149988]
GetHandleVerifier [0x0141BE95+1400773]
GetHandleVerifier [0x0141BB61+1399953]
GetHandleVerifier [0x014231FA+1430314]
GetHandleVerifier [0x0141C69F+1402831]
Ordinal0 [0x011A3D61+2112865]
Ordinal0 [0x011AE5CB+2155979]
Ordinal0 [0x011AE6F5+2156277]
Ordinal0 [0x011BF26E+2224750]
BaseThreadInitThunk [0x75C30419+25]
RtlGetAppContainerNamedObjectPath [0x771672ED+237]
RtlGetAppContainerNamedObjectPath [0x771672BD+189]
]]>
            </message>
            <full-stacktrace>
              <![CDATA[org.openqa.selenium.SessionNotCreatedException: session not created: This version of ChromeDriver only supports Chrome version 86
Current browser version is 89.0.4389.90 with binary path C:\Program Files\Google\Chrome\Application\chrome.exe
Build info: version: '3.141.59', revision: 'e82be7d358', time: '2018-11-14T08:25:48'
System info: host: 'LTSA000400', ip: '10.174.111.156', os.name: 'Windows 10', os.arch: 'amd64', os.version: '10.0', java.version: '1.8.0_271'
Driver info: driver.version: ChromeDriver
remote stacktrace: Backtrace:
Ordinal0 [0x012AC013+3194899]
Ordinal0 [0x01196021+2056225]
Ordinal0 [0x0102F608+587272]
Ordinal0 [0x00FB1BF3+72691]
Ordinal0 [0x00FAE229+57897]
Ordinal0 [0x00FAC64A+50762]
Ordinal0 [0x00FD1EE9+204521]
Ordinal0 [0x00FD1D0D+204045]
Ordinal0 [0x00FCFC1B+195611]
Ordinal0 [0x00FB3B7F+80767]
Ordinal0 [0x00FB4B4E+84814]
Ordinal0 [0x00FB4AD9+84697]
Ordinal0 [0x011ACE64+2149988]
GetHandleVerifier [0x0141BE95+1400773]
GetHandleVerifier [0x0141BB61+1399953]
GetHandleVerifier [0x014231FA+1430314]
GetHandleVerifier [0x0141C69F+1402831]
Ordinal0 [0x011A3D61+2112865]
Ordinal0 [0x011AE5CB+2155979]
Ordinal0 [0x011AE6F5+2156277]
Ordinal0 [0x011BF26E+2224750]
BaseThreadInitThunk [0x75C30419+25]
RtlGetAppContainerNamedObjectPath [0x771672ED+237]
RtlGetAppContainerNamedObjectPath [0x771672BD+189]

at sun.reflect.NativeConstructorAccessorImpl.newInstance0(Native Method)
at sun.reflect.NativeConstructorAccessorImpl.newInstance(Unknown Source)
at sun.reflect.DelegatingConstructorAccessorImpl.newInstance(Unknown Source)
at java.lang.reflect.Constructor.newInstance(Unknown Source)
at org.openqa.selenium.remote.W3CHandshakeResponse.lambda$errorHandler$0(W3CHandshakeResponse.java:62)
at org.openqa.selenium.remote.HandshakeResponse.lambda$getResponseFunction$0(HandshakeResponse.java:30)
at org.openqa.selenium.remote.ProtocolHandshake.lambda$createSession$0(ProtocolHandshake.java:126)
at java.util.stream.ReferencePipeline$3$1.accept(Unknown Source)
at java.util.Spliterators$ArraySpliterator.tryAdvance(Unknown Source)
at java.util.stream.ReferencePipeline.forEachWithCancel(Unknown Source)
at java.util.stream.AbstractPipeline.copyIntoWithCancel(Unknown Source)
at java.util.stream.AbstractPipeline.copyInto(Unknown Source)
at java.util.stream.AbstractPipeline.wrapAndCopyInto(Unknown Source)
at java.util.stream.FindOps$FindOp.evaluateSequential(Unknown Source)
at java.util.stream.AbstractPipeline.evaluate(Unknown Source)
at java.util.stream.ReferencePipeline.findFirst(Unknown Source)
at org.openqa.selenium.remote.ProtocolHandshake.createSession(ProtocolHandshake.java:128)
at org.openqa.selenium.remote.ProtocolHandshake.createSession(ProtocolHandshake.java:74)
at org.openqa.selenium.remote.HttpCommandExecutor.execute(HttpCommandExecutor.java:136)
at org.openqa.selenium.remote.service.DriverCommandExecutor.execute(DriverCommandExecutor.java:83)
at org.openqa.selenium.remote.RemoteWebDriver.execute(RemoteWebDriver.java:552)
at org.openqa.selenium.remote.RemoteWebDriver.startSession(RemoteWebDriver.java:213)
at org.openqa.selenium.remote.RemoteWebDriver.<init>(RemoteWebDriver.java:131)
at org.openqa.selenium.chrome.ChromeDriver.<init>(ChromeDriver.java:181)
at org.openqa.selenium.chrome.ChromeDriver.<init>(ChromeDriver.java:168)
at org.openqa.selenium.chrome.ChromeDriver.<init>(ChromeDriver.java:123)
at NewPackage.NewTest_1.beforeMethoddemo(NewTest_1.java:21)
at sun.reflect.NativeMethodAccessorImpl.invoke0(Native Method)
at sun.reflect.NativeMethodAccessorImpl.invoke(Unknown Source)
at sun.reflect.DelegatingMethodAccessorImpl.invoke(Unknown Source)
at java.lang.reflect.Method.invoke(Unknown Source)
at org.testng.internal.MethodInvocationHelper.invokeMethod(MethodInvocationHelper.java:124)
at org.testng.internal.MethodInvocationHelper.invokeMethodConsideringTimeout(MethodInvocationHelper.java:59)
at org.testng.internal.Invoker.invokeConfigurationMethod(Invoker.java:458)
at org.testng.internal.Invoker.invokeConfigurations(Invoker.java:222)
at org.testng.internal.Invoker.invokeMethod(Invoker.java:523)
at org.testng.internal.Invoker.invokeTestMethod(Invoker.java:719)
at org.testng.internal.Invoker.invokeTestMethods(Invoker.java:989)
at org.testng.internal.TestMethodWorker.invokeTestMethods(TestMethodWorker.java:125)
at org.testng.internal.TestMethodWorker.run(TestMethodWorker.java:109)
at org.testng.TestRunner.privateRun(TestRunner.java:648)
at org.testng.TestRunner.run(TestRunner.java:505)
at org.testng.SuiteRunner.runTest(SuiteRunner.java:455)
at org.testng.SuiteRunner.runSequentially(SuiteRunner.java:450)
at org.testng.SuiteRunner.privateRun(SuiteRunner.java:415)
at org.testng.SuiteRunner.run(SuiteRunner.java:364)
at org.testng.SuiteRunnerWorker.runSuite(SuiteRunnerWorker.java:52)
at org.testng.SuiteRunnerWorker.run(SuiteRunnerWorker.java:84)
at org.testng.TestNG.runSuitesSequentially(TestNG.java:1208)
at org.testng.TestNG.runSuitesLocally(TestNG.java:1137)
at org.testng.TestNG.runSuites(TestNG.java:1049)
at org.testng.TestNG.run(TestNG.java:1017)
at org.testng.remote.AbstractRemoteTestNG.run(AbstractRemoteTestNG.java:114)
at org.testng.remote.RemoteTestNG.initAndRun(RemoteTestNG.java:251)
at org.testng.remote.RemoteTestNG.main(RemoteTestNG.java:77)
]]>
            </full-stacktrace>
          </exception> <!-- org.openqa.selenium.SessionNotCreatedException -->
          <reporter-output>
          </reporter-output>
        </test-method> <!-- titleTest -->
        <test-method status="SKIP" signature="afterMethoddemo()[pri:0, instance:NewPackage.NewTest_1@46d56d67]" name="afterMethoddemo" is-config="true" duration-ms="0" started-at="2021-06-17T13:13:12Z" finished-at="2021-06-17T13:13:12Z">
          <reporter-output>
          </reporter-output>
        </test-method> <!-- afterMethoddemo -->
      </class> <!-- NewPackage.NewTest_1 -->
    </test> <!-- Test -->
  </suite> <!-- Suite -->
</testng-results>
